{"src/main.js":{"path":"src/main.js","s":{"1":1,"2":1,"3":8,"4":3,"5":3,"6":12,"7":3,"8":2,"9":1,"10":1,"11":1,"12":1,"13":7,"14":7,"15":7,"16":7,"17":7,"18":63,"19":7,"20":7,"21":5,"22":1,"23":4,"24":1,"25":3,"26":1,"27":2,"28":2,"29":1,"30":1,"31":1,"32":8},"b":{"1":[2,1],"2":[1,1],"3":[7,0],"4":[0,7],"5":[1,4],"6":[1,3],"7":[1,2],"8":[1,1]},"f":{"1":8,"2":3,"3":12,"4":7,"5":63,"6":5},"fnMap":{"1":{"name":"(anonymous_1)","line":9,"loc":{"start":{"line":9,"column":17},"end":{"line":9,"column":38}}},"2":{"name":"(anonymous_2)","line":13,"loc":{"start":{"line":13,"column":18},"end":{"line":13,"column":38}}},"3":{"name":"(anonymous_3)","line":19,"loc":{"start":{"line":19,"column":30},"end":{"line":19,"column":46}}},"4":{"name":"(anonymous_4)","line":35,"loc":{"start":{"line":35,"column":10},"end":{"line":35,"column":36}}},"5":{"name":"(anonymous_5)","line":43,"loc":{"start":{"line":43,"column":27},"end":{"line":43,"column":45}}},"6":{"name":"(anonymous_6)","line":70,"loc":{"start":{"line":70,"column":10},"end":{"line":70,"column":46}}}},"statementMap":{"1":{"start":{"line":3,"column":0},"end":{"line":7,"column":23}},"2":{"start":{"line":9,"column":0},"end":{"line":91,"column":2}},"3":{"start":{"line":10,"column":1},"end":{"line":88,"column":3}},"4":{"start":{"line":14,"column":3},"end":{"line":16,"column":38}},"5":{"start":{"line":19,"column":3},"end":{"line":21,"column":6}},"6":{"start":{"line":20,"column":4},"end":{"line":20,"column":24}},"7":{"start":{"line":23,"column":3},"end":{"line":33,"column":4}},"8":{"start":{"line":25,"column":4},"end":{"line":28,"column":5}},"9":{"start":{"line":26,"column":5},"end":{"line":26,"column":26}},"10":{"start":{"line":27,"column":5},"end":{"line":27,"column":71}},"11":{"start":{"line":31,"column":4},"end":{"line":31,"column":25}},"12":{"start":{"line":32,"column":4},"end":{"line":32,"column":70}},"13":{"start":{"line":36,"column":3},"end":{"line":36,"column":21}},"14":{"start":{"line":37,"column":3},"end":{"line":37,"column":42}},"15":{"start":{"line":39,"column":3},"end":{"line":39,"column":50}},"16":{"start":{"line":40,"column":3},"end":{"line":40,"column":83}},"17":{"start":{"line":43,"column":3},"end":{"line":45,"column":6}},"18":{"start":{"line":44,"column":4},"end":{"line":44,"column":53}},"19":{"start":{"line":48,"column":3},"end":{"line":48,"column":31}},"20":{"start":{"line":50,"column":3},"end":{"line":50,"column":15}},"21":{"start":{"line":71,"column":3},"end":{"line":73,"column":4}},"22":{"start":{"line":72,"column":4},"end":{"line":72,"column":82}},"23":{"start":{"line":74,"column":3},"end":{"line":76,"column":4}},"24":{"start":{"line":75,"column":4},"end":{"line":75,"column":91}},"25":{"start":{"line":77,"column":3},"end":{"line":79,"column":4}},"26":{"start":{"line":78,"column":4},"end":{"line":78,"column":88}},"27":{"start":{"line":80,"column":3},"end":{"line":80,"column":33}},"28":{"start":{"line":81,"column":3},"end":{"line":84,"column":4}},"29":{"start":{"line":82,"column":4},"end":{"line":82,"column":205}},"30":{"start":{"line":83,"column":4},"end":{"line":83,"column":47}},"31":{"start":{"line":86,"column":3},"end":{"line":86,"column":51}},"32":{"start":{"line":90,"column":1},"end":{"line":90,"column":16}}},"branchMap":{"1":{"line":23,"type":"if","locations":[{"start":{"line":23,"column":3},"end":{"line":23,"column":3}},{"start":{"line":23,"column":3},"end":{"line":23,"column":3}}]},"2":{"line":25,"type":"if","locations":[{"start":{"line":25,"column":4},"end":{"line":25,"column":4}},{"start":{"line":25,"column":4},"end":{"line":25,"column":4}}]},"3":{"line":36,"type":"binary-expr","locations":[{"start":{"line":36,"column":10},"end":{"line":36,"column":14}},{"start":{"line":36,"column":18},"end":{"line":36,"column":20}}]},"4":{"line":40,"type":"cond-expr","locations":[{"start":{"line":40,"column":61},"end":{"line":40,"column":69}},{"start":{"line":40,"column":72},"end":{"line":40,"column":81}}]},"5":{"line":71,"type":"if","locations":[{"start":{"line":71,"column":3},"end":{"line":71,"column":3}},{"start":{"line":71,"column":3},"end":{"line":71,"column":3}}]},"6":{"line":74,"type":"if","locations":[{"start":{"line":74,"column":3},"end":{"line":74,"column":3}},{"start":{"line":74,"column":3},"end":{"line":74,"column":3}}]},"7":{"line":77,"type":"if","locations":[{"start":{"line":77,"column":3},"end":{"line":77,"column":3}},{"start":{"line":77,"column":3},"end":{"line":77,"column":3}}]},"8":{"line":81,"type":"if","locations":[{"start":{"line":81,"column":3},"end":{"line":81,"column":3}},{"start":{"line":81,"column":3},"end":{"line":81,"column":3}}]}}}}