TN:
SF:src/main.js
FN:9,(anonymous_1)
FN:13,(anonymous_2)
FN:19,(anonymous_3)
FN:35,(anonymous_4)
FN:43,(anonymous_5)
FN:70,(anonymous_6)
FNF:6
FNH:6
FNDA:8,(anonymous_1)
FNDA:3,(anonymous_2)
FNDA:12,(anonymous_3)
FNDA:7,(anonymous_4)
FNDA:63,(anonymous_5)
FNDA:5,(anonymous_6)
DA:3,1
DA:9,1
DA:10,8
DA:14,3
DA:19,3
DA:20,12
DA:23,3
DA:25,2
DA:26,1
DA:27,1
DA:31,1
DA:32,1
DA:36,7
DA:37,7
DA:39,7
DA:40,7
DA:43,7
DA:44,63
DA:48,7
DA:50,7
DA:71,5
DA:72,1
DA:74,4
DA:75,1
DA:77,3
DA:78,1
DA:80,2
DA:81,2
DA:82,1
DA:83,1
DA:86,1
DA:90,8
LF:32
LH:32
BRDA:23,1,0,2
BRDA:23,1,1,1
BRDA:25,2,0,1
BRDA:25,2,1,1
BRDA:36,3,0,7
BRDA:36,3,1,0
BRDA:40,4,0,0
BRDA:40,4,1,7
BRDA:71,5,0,1
BRDA:71,5,1,4
BRDA:74,6,0,1
BRDA:74,6,1,3
BRDA:77,7,0,1
BRDA:77,7,1,2
BRDA:81,8,0,1
BRDA:81,8,1,1
BRF:16
BRH:14
end_of_record
